2023-01-10 17:09:44,047 [Worker-5: Loading available Gradle versions] INFO  o.e.b.c.i.u.g.PublishedGradleVersions - Gradle version information cache is up-to-date. Trying to read.
2023-01-10 17:09:53,144 [Worker-9: Building] INFO  o.e.m.c.i.l.LifecycleMappingFactory - Using org.eclipse.m2e.jdt.JarLifecycleMapping lifecycle mapping for MavenProject: com.curso.microservicios.commons-alumnos:commons-alumnos:0.0.1-SNAPSHOT @ C:\Users\administrator\Documents\workspace-spring-tool-suite-4-4.17.1.RELEASE\commons-alumnos\pom.xml.
2023-01-10 17:10:00,522 [Worker-9: Building] INFO  o.a.m.s.f.DefaultMavenResourcesFiltering - Copying 1 resource
2023-01-10 17:10:00,572 [Worker-9: Building] INFO  o.a.m.s.f.DefaultMavenResourcesFiltering - Copying 0 resource
2023-01-10 17:10:00,584 [Worker-9: Building] INFO  o.a.m.s.f.DefaultMavenResourcesFiltering - skip non existing resourceDirectory C:\Users\administrator\Documents\workspace-spring-tool-suite-4-4.17.1.RELEASE\commons-alumnos\src\test\resources
2023-01-10 17:10:00,734 [Worker-0: Updating Maven Project] INFO  o.e.m.c.i.p.ProjectConfigurationManager - Update started
2023-01-10 17:10:01,858 [Worker-0: Updating Maven Project] INFO  o.e.m.c.i.l.LifecycleMappingFactory - Using org.eclipse.m2e.jdt.JarLifecycleMapping lifecycle mapping for MavenProject: com.curso.microservicios.commons-alumnos:commons-alumnos:0.0.1-SNAPSHOT @ C:\Users\administrator\Documents\workspace-spring-tool-suite-4-4.17.1.RELEASE\commons-alumnos\pom.xml.
2023-01-10 17:10:04,144 [Worker-0: Updating Maven Project] INFO  o.e.m.j.i.AbstractJavaProjectConfigurator - Adding source folder /commons-alumnos/src/main/java
2023-01-10 17:10:04,145 [Worker-0: Updating Maven Project] INFO  o.e.m.j.i.AbstractJavaProjectConfigurator - Adding resource folder /commons-alumnos/src/main/resources
2023-01-10 17:10:04,147 [Worker-0: Updating Maven Project] INFO  o.e.m.j.i.AbstractJavaProjectConfigurator - Adding resource folder /commons-alumnos/src/main/resources
2023-01-10 17:10:04,149 [Worker-0: Updating Maven Project] INFO  o.e.m.j.i.AbstractJavaProjectConfigurator - Adding source folder /commons-alumnos/src/test/java
2023-01-10 17:10:07,586 [Worker-0: Updating Maven Project] INFO  o.e.m.c.i.p.ProjectConfigurationManager - Update completed for 1 poms: local refresh takes 0,00 sec, refresh facades takes 2,00 sec, update config takes 3,00 sec 
2023-01-10 17:10:09,808 [Worker-16: Building] INFO  o.a.m.s.f.DefaultMavenResourcesFiltering - Copying 1 resource
2023-01-10 17:10:09,835 [Worker-16: Building] INFO  o.a.m.s.f.DefaultMavenResourcesFiltering - Copying 0 resource
2023-01-10 17:10:09,843 [Worker-16: Building] INFO  o.a.m.s.f.DefaultMavenResourcesFiltering - skip non existing resourceDirectory C:\Users\administrator\Documents\workspace-spring-tool-suite-4-4.17.1.RELEASE\commons-alumnos\src\test\resources
2023-01-10 17:10:11,088 [Worker-16: Building] INFO  o.e.m.c.i.l.LifecycleMappingFactory - Using org.eclipse.m2e.jdt.JarLifecycleMapping lifecycle mapping for MavenProject: com.curso.microservicios.commons.examenes:commons-examenes:0.0.1-SNAPSHOT @ C:\Users\administrator\Documents\workspace-spring-tool-suite-4-4.17.1.RELEASE\commons-examenes\pom.xml.
2023-01-10 17:10:12,512 [Worker-16: Building] INFO  o.a.m.s.f.DefaultMavenResourcesFiltering - Copying 1 resource
2023-01-10 17:10:12,527 [Worker-16: Building] INFO  o.a.m.s.f.DefaultMavenResourcesFiltering - Copying 0 resource
2023-01-10 17:10:12,533 [Worker-16: Building] INFO  o.a.m.s.f.DefaultMavenResourcesFiltering - skip non existing resourceDirectory C:\Users\administrator\Documents\workspace-spring-tool-suite-4-4.17.1.RELEASE\commons-examenes\src\test\resources
2023-01-10 17:10:12,922 [Worker-10: Updating Maven Project] INFO  o.e.m.c.i.p.ProjectConfigurationManager - Update started
2023-01-10 17:10:13,490 [Worker-10: Updating Maven Project] INFO  o.e.m.c.i.l.LifecycleMappingFactory - Using org.eclipse.m2e.jdt.JarLifecycleMapping lifecycle mapping for MavenProject: com.curso.microservicios.commons.examenes:commons-examenes:0.0.1-SNAPSHOT @ C:\Users\administrator\Documents\workspace-spring-tool-suite-4-4.17.1.RELEASE\commons-examenes\pom.xml.
2023-01-10 17:10:14,605 [Worker-10: Updating Maven Project] INFO  o.e.m.j.i.AbstractJavaProjectConfigurator - Adding source folder /commons-examenes/src/main/java
2023-01-10 17:10:14,606 [Worker-10: Updating Maven Project] INFO  o.e.m.j.i.AbstractJavaProjectConfigurator - Adding resource folder /commons-examenes/src/main/resources
2023-01-10 17:10:14,606 [Worker-10: Updating Maven Project] INFO  o.e.m.j.i.AbstractJavaProjectConfigurator - Adding resource folder /commons-examenes/src/main/resources
2023-01-10 17:10:14,607 [Worker-10: Updating Maven Project] INFO  o.e.m.j.i.AbstractJavaProjectConfigurator - Adding source folder /commons-examenes/src/test/java
2023-01-10 17:10:15,329 [Worker-10: Updating Maven Project] INFO  o.e.m.c.i.p.ProjectConfigurationManager - Update completed for 1 poms: local refresh takes 0,00 sec, refresh facades takes 1,00 sec, update config takes 0,00 sec 
2023-01-10 17:10:15,349 [Worker-8: Updating Maven Project] INFO  o.e.m.c.i.p.ProjectConfigurationManager - Update started
2023-01-10 17:10:15,864 [Worker-8: Updating Maven Project] INFO  o.e.m.c.i.l.LifecycleMappingFactory - Using org.eclipse.m2e.jdt.JarLifecycleMapping lifecycle mapping for MavenProject: com.curso.microservicios.commons.examenes:commons-examenes:0.0.1-SNAPSHOT @ C:\Users\administrator\Documents\workspace-spring-tool-suite-4-4.17.1.RELEASE\commons-examenes\pom.xml.
2023-01-10 17:10:17,356 [Worker-8: Updating Maven Project] INFO  o.e.m.j.i.AbstractJavaProjectConfigurator - Adding source folder /commons-examenes/src/main/java
2023-01-10 17:10:17,356 [Worker-8: Updating Maven Project] INFO  o.e.m.j.i.AbstractJavaProjectConfigurator - Adding resource folder /commons-examenes/src/main/resources
2023-01-10 17:10:17,357 [Worker-8: Updating Maven Project] INFO  o.e.m.j.i.AbstractJavaProjectConfigurator - Adding resource folder /commons-examenes/src/main/resources
2023-01-10 17:10:17,358 [Worker-8: Updating Maven Project] INFO  o.e.m.j.i.AbstractJavaProjectConfigurator - Adding source folder /commons-examenes/src/test/java
2023-01-10 17:10:18,145 [Worker-8: Updating Maven Project] INFO  o.e.m.c.i.p.ProjectConfigurationManager - Update completed for 1 poms: local refresh takes 0,00 sec, refresh facades takes 1,00 sec, update config takes 0,00 sec 
2023-01-10 17:10:19,509 [Worker-17: Building] INFO  o.a.m.s.f.DefaultMavenResourcesFiltering - Copying 1 resource
2023-01-10 17:10:19,527 [Worker-17: Building] INFO  o.a.m.s.f.DefaultMavenResourcesFiltering - Copying 0 resource
2023-01-10 17:10:19,531 [Worker-17: Building] INFO  o.a.m.s.f.DefaultMavenResourcesFiltering - skip non existing resourceDirectory C:\Users\administrator\Documents\workspace-spring-tool-suite-4-4.17.1.RELEASE\commons-examenes\src\test\resources
2023-01-10 17:10:20,128 [Worker-17: Building] INFO  o.e.m.c.i.l.LifecycleMappingFactory - Using org.eclipse.m2e.jdt.JarLifecycleMapping lifecycle mapping for MavenProject: com.curso.microservicios.commons:commons-microservicios:0.0.1-SNAPSHOT @ C:\Users\administrator\Documents\workspace-spring-tool-suite-4-4.17.1.RELEASE\commons-microservicios\pom.xml.
2023-01-10 17:10:21,398 [Worker-17: Building] INFO  o.a.m.s.f.DefaultMavenResourcesFiltering - Copying 1 resource
2023-01-10 17:10:21,418 [Worker-17: Building] INFO  o.a.m.s.f.DefaultMavenResourcesFiltering - Copying 0 resource
2023-01-10 17:10:21,421 [Worker-17: Building] INFO  o.a.m.s.f.DefaultMavenResourcesFiltering - skip non existing resourceDirectory C:\Users\administrator\Documents\workspace-spring-tool-suite-4-4.17.1.RELEASE\commons-microservicios\src\test\resources
2023-01-10 17:10:21,964 [Worker-10: Updating Maven Project] INFO  o.e.m.c.i.p.ProjectConfigurationManager - Update started
2023-01-10 17:10:22,467 [Worker-10: Updating Maven Project] INFO  o.e.m.c.i.l.LifecycleMappingFactory - Using org.eclipse.m2e.jdt.JarLifecycleMapping lifecycle mapping for MavenProject: com.curso.microservicios.commons:commons-microservicios:0.0.1-SNAPSHOT @ C:\Users\administrator\Documents\workspace-spring-tool-suite-4-4.17.1.RELEASE\commons-microservicios\pom.xml.
2023-01-10 17:10:23,418 [Worker-10: Updating Maven Project] INFO  o.e.m.j.i.AbstractJavaProjectConfigurator - Adding source folder /commons-microservicios/src/main/java
2023-01-10 17:10:23,419 [Worker-10: Updating Maven Project] INFO  o.e.m.j.i.AbstractJavaProjectConfigurator - Adding resource folder /commons-microservicios/src/main/resources
2023-01-10 17:10:23,419 [Worker-10: Updating Maven Project] INFO  o.e.m.j.i.AbstractJavaProjectConfigurator - Adding resource folder /commons-microservicios/src/main/resources
2023-01-10 17:10:23,420 [Worker-10: Updating Maven Project] INFO  o.e.m.j.i.AbstractJavaProjectConfigurator - Adding source folder /commons-microservicios/src/test/java
2023-01-10 17:10:24,071 [Worker-10: Updating Maven Project] INFO  o.e.m.c.i.p.ProjectConfigurationManager - Update completed for 1 poms: local refresh takes 0,00 sec, refresh facades takes 1,00 sec, update config takes 0,00 sec 
2023-01-10 17:10:25,253 [Worker-10: Building] INFO  o.a.m.s.f.DefaultMavenResourcesFiltering - Copying 1 resource
2023-01-10 17:10:25,270 [Worker-10: Building] INFO  o.a.m.s.f.DefaultMavenResourcesFiltering - Copying 0 resource
2023-01-10 17:10:25,274 [Worker-10: Building] INFO  o.a.m.s.f.DefaultMavenResourcesFiltering - skip non existing resourceDirectory C:\Users\administrator\Documents\workspace-spring-tool-suite-4-4.17.1.RELEASE\commons-microservicios\src\test\resources
2023-01-10 17:10:26,270 [Worker-10: Building] INFO  o.e.m.c.i.l.LifecycleMappingFactory - Using org.eclipse.m2e.jdt.JarLifecycleMapping lifecycle mapping for MavenProject: com.curso.microservicios.app.cursos:microservicios-cursos:0.0.1-SNAPSHOT @ C:\Users\administrator\Documents\workspace-spring-tool-suite-4-4.17.1.RELEASE\microservicios-cursos\pom.xml.
2023-01-10 17:10:27,039 [Worker-10: Building] INFO  o.e.m.c.i.p.WorkspaceClassifierResolverManager - Resolving P/commons-examenes: com.curso.microservicios.commons.examenes:commons-examenes:0.0.1-SNAPSHOT with classifier  to /commons-examenes/target/classes
2023-01-10 17:10:27,051 [Worker-10: Building] INFO  o.e.m.c.i.p.WorkspaceClassifierResolverManager - Resolving P/commons-alumnos: com.curso.microservicios.commons-alumnos:commons-alumnos:0.0.1-SNAPSHOT with classifier  to /commons-alumnos/target/classes
2023-01-10 17:10:27,052 [Worker-10: Building] INFO  o.e.m.c.i.p.WorkspaceClassifierResolverManager - Resolving P/commons-microservicios: com.curso.microservicios.commons:commons-microservicios:0.0.1-SNAPSHOT with classifier  to /commons-microservicios/target/classes
2023-01-10 17:10:28,933 [Worker-10: Building] INFO  o.a.m.s.f.DefaultMavenResourcesFiltering - Copying 1 resource
2023-01-10 17:10:28,963 [Worker-10: Building] INFO  o.a.m.s.f.DefaultMavenResourcesFiltering - Copying 0 resource
2023-01-10 17:10:28,966 [Worker-10: Building] INFO  o.a.m.s.f.DefaultMavenResourcesFiltering - skip non existing resourceDirectory C:\Users\administrator\Documents\workspace-spring-tool-suite-4-4.17.1.RELEASE\microservicios-cursos\src\test\resources
2023-01-10 17:10:29,034 [Worker-3: Updating Maven Project] INFO  o.e.m.c.i.p.ProjectConfigurationManager - Update started
2023-01-10 17:10:29,941 [Worker-3: Updating Maven Project] INFO  o.e.m.c.i.l.LifecycleMappingFactory - Using org.eclipse.m2e.jdt.JarLifecycleMapping lifecycle mapping for MavenProject: com.curso.microservicios.app.cursos:microservicios-cursos:0.0.1-SNAPSHOT @ C:\Users\administrator\Documents\workspace-spring-tool-suite-4-4.17.1.RELEASE\microservicios-cursos\pom.xml.
2023-01-10 17:10:31,254 [Worker-3: Updating Maven Project] INFO  o.e.m.c.i.p.WorkspaceClassifierResolverManager - Resolving P/commons-examenes: com.curso.microservicios.commons.examenes:commons-examenes:0.0.1-SNAPSHOT with classifier  to /commons-examenes/target/classes
2023-01-10 17:10:31,264 [Worker-3: Updating Maven Project] INFO  o.e.m.c.i.p.WorkspaceClassifierResolverManager - Resolving P/commons-alumnos: com.curso.microservicios.commons-alumnos:commons-alumnos:0.0.1-SNAPSHOT with classifier  to /commons-alumnos/target/classes
2023-01-10 17:10:31,265 [Worker-3: Updating Maven Project] INFO  o.e.m.c.i.p.WorkspaceClassifierResolverManager - Resolving P/commons-microservicios: com.curso.microservicios.commons:commons-microservicios:0.0.1-SNAPSHOT with classifier  to /commons-microservicios/target/classes
2023-01-10 17:10:32,318 [Worker-3: Updating Maven Project] INFO  o.e.m.j.i.AbstractJavaProjectConfigurator - Adding source folder /microservicios-cursos/src/main/java
2023-01-10 17:10:32,318 [Worker-3: Updating Maven Project] INFO  o.e.m.j.i.AbstractJavaProjectConfigurator - Adding resource folder /microservicios-cursos/src/main/resources
2023-01-10 17:10:32,318 [Worker-3: Updating Maven Project] INFO  o.e.m.j.i.AbstractJavaProjectConfigurator - Adding resource folder /microservicios-cursos/src/main/resources
2023-01-10 17:10:32,319 [Worker-3: Updating Maven Project] INFO  o.e.m.j.i.AbstractJavaProjectConfigurator - Adding source folder /microservicios-cursos/src/test/java
2023-01-10 17:10:34,553 [Worker-3: Updating Maven Project] INFO  o.e.m.c.i.p.ProjectConfigurationManager - Update completed for 1 poms: local refresh takes 0,00 sec, refresh facades takes 3,00 sec, update config takes 2,00 sec 
2023-01-10 17:10:39,140 [Worker-5: Building] INFO  o.e.m.c.i.p.WorkspaceClassifierResolverManager - Resolving P/commons-examenes: com.curso.microservicios.commons.examenes:commons-examenes:0.0.1-SNAPSHOT with classifier  to /commons-examenes/target/classes
2023-01-10 17:10:39,158 [Worker-5: Building] INFO  o.e.m.c.i.p.WorkspaceClassifierResolverManager - Resolving P/commons-alumnos: com.curso.microservicios.commons-alumnos:commons-alumnos:0.0.1-SNAPSHOT with classifier  to /commons-alumnos/target/classes
2023-01-10 17:10:39,159 [Worker-5: Building] INFO  o.e.m.c.i.p.WorkspaceClassifierResolverManager - Resolving P/commons-microservicios: com.curso.microservicios.commons:commons-microservicios:0.0.1-SNAPSHOT with classifier  to /commons-microservicios/target/classes
2023-01-10 17:10:39,642 [Worker-5: Building] INFO  o.a.m.s.f.DefaultMavenResourcesFiltering - Copying 1 resource
2023-01-10 17:10:39,695 [Worker-5: Building] INFO  o.a.m.s.f.DefaultMavenResourcesFiltering - Copying 0 resource
2023-01-10 17:10:39,702 [Worker-5: Building] INFO  o.a.m.s.f.DefaultMavenResourcesFiltering - skip non existing resourceDirectory C:\Users\administrator\Documents\workspace-spring-tool-suite-4-4.17.1.RELEASE\microservicios-cursos\src\test\resources
2023-01-10 17:10:40,744 [Worker-5: Building] INFO  o.e.m.c.i.l.LifecycleMappingFactory - Using org.eclipse.m2e.jdt.JarLifecycleMapping lifecycle mapping for MavenProject: com.curso.microservicios.app.eureka:microservicios-eureka:0.0.1-SNAPSHOT @ C:\Users\administrator\Documents\workspace-spring-tool-suite-4-4.17.1.RELEASE\microservicios-eureka\pom.xml.
2023-01-10 17:10:42,306 [Worker-5: Building] INFO  o.a.m.s.f.DefaultMavenResourcesFiltering - Copying 1 resource
2023-01-10 17:10:42,319 [Worker-5: Building] INFO  o.a.m.s.f.DefaultMavenResourcesFiltering - Copying 0 resource
2023-01-10 17:10:42,322 [Worker-5: Building] INFO  o.a.m.s.f.DefaultMavenResourcesFiltering - skip non existing resourceDirectory C:\Users\administrator\Documents\workspace-spring-tool-suite-4-4.17.1.RELEASE\microservicios-eureka\src\test\resources
2023-01-10 17:10:43,222 [Worker-5: Building] INFO  o.e.m.c.i.l.LifecycleMappingFactory - Using org.eclipse.m2e.jdt.JarLifecycleMapping lifecycle mapping for MavenProject: com.curso.microservicios.app.examenes:microservicios-examenes:0.0.1-SNAPSHOT @ C:\Users\administrator\Documents\workspace-spring-tool-suite-4-4.17.1.RELEASE\microservicios-examenes\pom.xml.
2023-01-10 17:10:43,847 [Worker-5: Building] INFO  o.e.m.c.i.p.WorkspaceClassifierResolverManager - Resolving P/commons-examenes: com.curso.microservicios.commons.examenes:commons-examenes:0.0.1-SNAPSHOT with classifier  to /commons-examenes/target/classes
2023-01-10 17:10:43,855 [Worker-5: Building] INFO  o.e.m.c.i.p.WorkspaceClassifierResolverManager - Resolving P/commons-microservicios: com.curso.microservicios.commons:commons-microservicios:0.0.1-SNAPSHOT with classifier  to /commons-microservicios/target/classes
2023-01-10 17:10:44,742 [Worker-5: Building] INFO  o.a.m.s.f.DefaultMavenResourcesFiltering - Copying 1 resource
2023-01-10 17:10:44,761 [Worker-5: Building] INFO  o.a.m.s.f.DefaultMavenResourcesFiltering - Copying 0 resource
2023-01-10 17:10:44,766 [Worker-5: Building] INFO  o.a.m.s.f.DefaultMavenResourcesFiltering - skip non existing resourceDirectory C:\Users\administrator\Documents\workspace-spring-tool-suite-4-4.17.1.RELEASE\microservicios-examenes\src\test\resources
2023-01-10 17:10:44,814 [Worker-11: Updating Maven Project] INFO  o.e.m.c.i.p.ProjectConfigurationManager - Update started
2023-01-10 17:10:46,253 [Worker-11: Updating Maven Project] INFO  o.e.m.c.i.l.LifecycleMappingFactory - Using org.eclipse.m2e.jdt.JarLifecycleMapping lifecycle mapping for MavenProject: com.curso.microservicios.app.eureka:microservicios-eureka:0.0.1-SNAPSHOT @ C:\Users\administrator\Documents\workspace-spring-tool-suite-4-4.17.1.RELEASE\microservicios-eureka\pom.xml.
2023-01-10 17:10:47,625 [Worker-11: Updating Maven Project] INFO  o.e.m.j.i.AbstractJavaProjectConfigurator - Adding source folder /microservicios-eureka/src/main/java
2023-01-10 17:10:47,625 [Worker-11: Updating Maven Project] INFO  o.e.m.j.i.AbstractJavaProjectConfigurator - Adding resource folder /microservicios-eureka/src/main/resources
2023-01-10 17:10:47,625 [Worker-11: Updating Maven Project] INFO  o.e.m.j.i.AbstractJavaProjectConfigurator - Adding resource folder /microservicios-eureka/src/main/resources
2023-01-10 17:10:47,626 [Worker-11: Updating Maven Project] INFO  o.e.m.j.i.AbstractJavaProjectConfigurator - Adding source folder /microservicios-eureka/src/test/java
2023-01-10 17:10:48,419 [Worker-11: Updating Maven Project] INFO  o.e.m.c.i.p.ProjectConfigurationManager - Update completed for 1 poms: local refresh takes 0,00 sec, refresh facades takes 2,00 sec, update config takes 0,00 sec 
2023-01-10 17:10:48,440 [Worker-7: Updating Maven Project] INFO  o.e.m.c.i.p.ProjectConfigurationManager - Update started
2023-01-10 17:10:48,981 [Worker-7: Updating Maven Project] INFO  o.e.m.c.i.l.LifecycleMappingFactory - Using org.eclipse.m2e.jdt.JarLifecycleMapping lifecycle mapping for MavenProject: com.curso.microservicios.app.examenes:microservicios-examenes:0.0.1-SNAPSHOT @ C:\Users\administrator\Documents\workspace-spring-tool-suite-4-4.17.1.RELEASE\microservicios-examenes\pom.xml.
2023-01-10 17:10:50,563 [Worker-7: Updating Maven Project] INFO  o.e.m.c.i.p.WorkspaceClassifierResolverManager - Resolving P/commons-examenes: com.curso.microservicios.commons.examenes:commons-examenes:0.0.1-SNAPSHOT with classifier  to /commons-examenes/target/classes
2023-01-10 17:10:50,577 [Worker-7: Updating Maven Project] INFO  o.e.m.c.i.p.WorkspaceClassifierResolverManager - Resolving P/commons-microservicios: com.curso.microservicios.commons:commons-microservicios:0.0.1-SNAPSHOT with classifier  to /commons-microservicios/target/classes
2023-01-10 17:10:52,114 [Worker-7: Updating Maven Project] INFO  o.e.m.j.i.AbstractJavaProjectConfigurator - Adding source folder /microservicios-examenes/src/main/java
2023-01-10 17:10:52,115 [Worker-7: Updating Maven Project] INFO  o.e.m.j.i.AbstractJavaProjectConfigurator - Adding resource folder /microservicios-examenes/src/main/resources
2023-01-10 17:10:52,117 [Worker-7: Updating Maven Project] INFO  o.e.m.j.i.AbstractJavaProjectConfigurator - Adding resource folder /microservicios-examenes/src/main/resources
2023-01-10 17:10:52,117 [Worker-7: Updating Maven Project] INFO  o.e.m.j.i.AbstractJavaProjectConfigurator - Adding source folder /microservicios-examenes/src/test/java
2023-01-10 17:10:53,588 [Worker-7: Updating Maven Project] INFO  o.e.m.c.i.p.ProjectConfigurationManager - Update completed for 1 poms: local refresh takes 0,00 sec, refresh facades takes 3,00 sec, update config takes 1,00 sec 
2023-01-10 17:10:56,548 [Worker-0: Building] INFO  o.a.m.s.f.DefaultMavenResourcesFiltering - Copying 1 resource
2023-01-10 17:10:56,567 [Worker-0: Building] INFO  o.a.m.s.f.DefaultMavenResourcesFiltering - Copying 0 resource
2023-01-10 17:10:56,570 [Worker-0: Building] INFO  o.a.m.s.f.DefaultMavenResourcesFiltering - skip non existing resourceDirectory C:\Users\administrator\Documents\workspace-spring-tool-suite-4-4.17.1.RELEASE\microservicios-eureka\src\test\resources
2023-01-10 17:10:57,680 [Worker-0: Building] INFO  o.e.m.c.i.p.WorkspaceClassifierResolverManager - Resolving P/commons-examenes: com.curso.microservicios.commons.examenes:commons-examenes:0.0.1-SNAPSHOT with classifier  to /commons-examenes/target/classes
2023-01-10 17:10:57,713 [Worker-0: Building] INFO  o.e.m.c.i.p.WorkspaceClassifierResolverManager - Resolving P/commons-microservicios: com.curso.microservicios.commons:commons-microservicios:0.0.1-SNAPSHOT with classifier  to /commons-microservicios/target/classes
2023-01-10 17:10:57,888 [Worker-9: Updating Maven Dependencies] INFO  o.e.m.c.i.l.LifecycleMappingFactory - Using org.eclipse.m2e.jdt.JarLifecycleMapping lifecycle mapping for MavenProject: com.curso.microservicios.commons-alumnos:commons-alumnos:0.0.1-SNAPSHOT @ C:\Users\administrator\Documents\workspace-spring-tool-suite-4-4.17.1.RELEASE\commons-alumnos\pom.xml.
2023-01-10 17:10:57,904 [Worker-0: Building] INFO  o.a.m.s.f.DefaultMavenResourcesFiltering - Copying 1 resource
2023-01-10 17:10:57,919 [Worker-0: Building] INFO  o.a.m.s.f.DefaultMavenResourcesFiltering - Copying 0 resource
2023-01-10 17:10:57,923 [Worker-0: Building] INFO  o.a.m.s.f.DefaultMavenResourcesFiltering - skip non existing resourceDirectory C:\Users\administrator\Documents\workspace-spring-tool-suite-4-4.17.1.RELEASE\microservicios-examenes\src\test\resources
2023-01-10 17:10:58,519 [Worker-9: Updating Maven Dependencies] INFO  o.e.m.c.i.l.LifecycleMappingFactory - Using org.eclipse.m2e.jdt.JarLifecycleMapping lifecycle mapping for MavenProject: com.curso.microservicios.app.usuarios:microservicios-usuarios:0.0.1-SNAPSHOT @ C:\Users\administrator\Documents\workspace-spring-tool-suite-4-4.17.1.RELEASE\microservicios-usuarios\pom.xml.
2023-01-10 17:10:58,776 [Worker-9: Updating Maven Dependencies] INFO  o.e.m.c.i.p.WorkspaceClassifierResolverManager - Resolving P/commons-alumnos: com.curso.microservicios.commons-alumnos:commons-alumnos:0.0.1-SNAPSHOT with classifier  to /commons-alumnos/target/classes
2023-01-10 17:10:58,779 [Worker-9: Updating Maven Dependencies] INFO  o.e.m.c.i.p.WorkspaceClassifierResolverManager - Resolving P/commons-microservicios: com.curso.microservicios.commons:commons-microservicios:0.0.1-SNAPSHOT with classifier  to /commons-microservicios/target/classes
2023-01-10 17:10:58,834 [Worker-0: Building] INFO  o.e.m.c.i.l.LifecycleMappingFactory - Using org.eclipse.m2e.jdt.JarLifecycleMapping lifecycle mapping for MavenProject: com.curso.microservicios.app.usuarios:microservicios-usuarios:0.0.1-SNAPSHOT @ C:\Users\administrator\Documents\workspace-spring-tool-suite-4-4.17.1.RELEASE\microservicios-usuarios\pom.xml.
2023-01-10 17:10:59,206 [Worker-0: Building] INFO  o.e.m.c.i.p.WorkspaceClassifierResolverManager - Resolving P/commons-alumnos: com.curso.microservicios.commons-alumnos:commons-alumnos:0.0.1-SNAPSHOT with classifier  to /commons-alumnos/target/classes
2023-01-10 17:10:59,208 [Worker-0: Building] INFO  o.e.m.c.i.p.WorkspaceClassifierResolverManager - Resolving P/commons-microservicios: com.curso.microservicios.commons:commons-microservicios:0.0.1-SNAPSHOT with classifier  to /commons-microservicios/target/classes
2023-01-10 17:10:59,883 [Worker-0: Building] INFO  o.a.m.s.f.DefaultMavenResourcesFiltering - Copying 1 resource
2023-01-10 17:10:59,898 [Worker-0: Building] INFO  o.a.m.s.f.DefaultMavenResourcesFiltering - Copying 0 resource
2023-01-10 17:10:59,902 [Worker-0: Building] INFO  o.a.m.s.f.DefaultMavenResourcesFiltering - skip non existing resourceDirectory C:\Users\administrator\Documents\workspace-spring-tool-suite-4-4.17.1.RELEASE\microservicios-usuarios\src\test\resources
2023-01-10 17:11:00,208 [Worker-15: Updating Maven Project] INFO  o.e.m.c.i.p.ProjectConfigurationManager - Update started
2023-01-10 17:11:00,653 [Worker-15: Updating Maven Project] INFO  o.e.m.c.i.l.LifecycleMappingFactory - Using org.eclipse.m2e.jdt.JarLifecycleMapping lifecycle mapping for MavenProject: com.curso.microservicios.app.usuarios:microservicios-usuarios:0.0.1-SNAPSHOT @ C:\Users\administrator\Documents\workspace-spring-tool-suite-4-4.17.1.RELEASE\microservicios-usuarios\pom.xml.
2023-01-10 17:11:01,170 [Worker-15: Updating Maven Project] INFO  o.e.m.c.i.p.WorkspaceClassifierResolverManager - Resolving P/commons-alumnos: com.curso.microservicios.commons-alumnos:commons-alumnos:0.0.1-SNAPSHOT with classifier  to /commons-alumnos/target/classes
2023-01-10 17:11:01,173 [Worker-15: Updating Maven Project] INFO  o.e.m.c.i.p.WorkspaceClassifierResolverManager - Resolving P/commons-microservicios: com.curso.microservicios.commons:commons-microservicios:0.0.1-SNAPSHOT with classifier  to /commons-microservicios/target/classes
2023-01-10 17:11:02,032 [Worker-15: Updating Maven Project] INFO  o.e.m.j.i.AbstractJavaProjectConfigurator - Adding source folder /microservicios-usuarios/src/main/java
2023-01-10 17:11:02,032 [Worker-15: Updating Maven Project] INFO  o.e.m.j.i.AbstractJavaProjectConfigurator - Adding resource folder /microservicios-usuarios/src/main/resources
2023-01-10 17:11:02,033 [Worker-15: Updating Maven Project] INFO  o.e.m.j.i.AbstractJavaProjectConfigurator - Adding resource folder /microservicios-usuarios/src/main/resources
2023-01-10 17:11:02,033 [Worker-15: Updating Maven Project] INFO  o.e.m.j.i.AbstractJavaProjectConfigurator - Adding source folder /microservicios-usuarios/src/test/java
2023-01-10 17:11:02,870 [Worker-15: Updating Maven Project] INFO  o.e.m.c.i.p.ProjectConfigurationManager - Update completed for 1 poms: local refresh takes 0,00 sec, refresh facades takes 1,00 sec, update config takes 0,00 sec 
2023-01-10 17:11:02,914 [Worker-17: Updating Maven Project] INFO  o.e.m.c.i.p.ProjectConfigurationManager - Update started
2023-01-10 17:11:03,629 [Worker-17: Updating Maven Project] INFO  o.e.m.c.i.l.LifecycleMappingFactory - Using org.eclipse.m2e.jdt.JarLifecycleMapping lifecycle mapping for MavenProject: com.curso.microservicios.app.usuarios:microservicios-usuarios:0.0.1-SNAPSHOT @ C:\Users\administrator\Documents\workspace-spring-tool-suite-4-4.17.1.RELEASE\microservicios-usuarios\pom.xml.
2023-01-10 17:11:04,111 [Worker-17: Updating Maven Project] INFO  o.e.m.c.i.p.WorkspaceClassifierResolverManager - Resolving P/commons-alumnos: com.curso.microservicios.commons-alumnos:commons-alumnos:0.0.1-SNAPSHOT with classifier  to /commons-alumnos/target/classes
2023-01-10 17:11:04,114 [Worker-17: Updating Maven Project] INFO  o.e.m.c.i.p.WorkspaceClassifierResolverManager - Resolving P/commons-microservicios: com.curso.microservicios.commons:commons-microservicios:0.0.1-SNAPSHOT with classifier  to /commons-microservicios/target/classes
2023-01-10 17:11:04,858 [Worker-17: Updating Maven Project] INFO  o.e.m.j.i.AbstractJavaProjectConfigurator - Adding source folder /microservicios-usuarios/src/main/java
2023-01-10 17:11:04,858 [Worker-17: Updating Maven Project] INFO  o.e.m.j.i.AbstractJavaProjectConfigurator - Adding resource folder /microservicios-usuarios/src/main/resources
2023-01-10 17:11:04,858 [Worker-17: Updating Maven Project] INFO  o.e.m.j.i.AbstractJavaProjectConfigurator - Adding resource folder /microservicios-usuarios/src/main/resources
2023-01-10 17:11:04,859 [Worker-17: Updating Maven Project] INFO  o.e.m.j.i.AbstractJavaProjectConfigurator - Adding source folder /microservicios-usuarios/src/test/java
2023-01-10 17:11:06,106 [Worker-17: Updating Maven Project] INFO  o.e.m.c.i.p.ProjectConfigurationManager - Update completed for 1 poms: local refresh takes 0,00 sec, refresh facades takes 1,00 sec, update config takes 1,00 sec 
2023-01-10 17:11:07,683 [Worker-17: Building] INFO  o.e.m.c.i.p.WorkspaceClassifierResolverManager - Resolving P/commons-alumnos: com.curso.microservicios.commons-alumnos:commons-alumnos:0.0.1-SNAPSHOT with classifier  to /commons-alumnos/target/classes
2023-01-10 17:11:07,687 [Worker-17: Building] INFO  o.e.m.c.i.p.WorkspaceClassifierResolverManager - Resolving P/commons-microservicios: com.curso.microservicios.commons:commons-microservicios:0.0.1-SNAPSHOT with classifier  to /commons-microservicios/target/classes
2023-01-10 17:11:08,009 [Worker-17: Building] INFO  o.a.m.s.f.DefaultMavenResourcesFiltering - Copying 1 resource
2023-01-10 17:11:08,046 [Worker-17: Building] INFO  o.a.m.s.f.DefaultMavenResourcesFiltering - Copying 0 resource
2023-01-10 17:11:08,055 [Worker-17: Building] INFO  o.a.m.s.f.DefaultMavenResourcesFiltering - skip non existing resourceDirectory C:\Users\administrator\Documents\workspace-spring-tool-suite-4-4.17.1.RELEASE\microservicios-usuarios\src\test\resources
2023-01-10 17:11:09,096 [Worker-17: Building] INFO  o.e.m.c.i.l.LifecycleMappingFactory - Using org.eclipse.m2e.jdt.JarLifecycleMapping lifecycle mapping for MavenProject: com.curso.microservicios.app.zuul:microservicios-zuul:0.0.1-SNAPSHOT @ C:\Users\administrator\Documents\workspace-spring-tool-suite-4-4.17.1.RELEASE\microservicios-zuul\pom.xml.
2023-01-10 17:11:10,653 [Worker-17: Building] INFO  o.e.m.c.i.embedder.EclipseLogger - Using 'UTF-8' encoding to copy filtered resources.
2023-01-10 17:11:10,654 [Worker-17: Building] INFO  o.e.m.c.i.embedder.EclipseLogger - Copying 1 resource
2023-01-10 17:11:10,666 [Worker-17: Building] INFO  o.e.m.c.i.embedder.EclipseLogger - Copying 0 resource
2023-01-10 17:11:10,669 [Worker-17: Building] INFO  o.e.m.c.i.embedder.EclipseLogger - Using 'UTF-8' encoding to copy filtered resources.
2023-01-10 17:11:10,669 [Worker-17: Building] INFO  o.e.m.c.i.embedder.EclipseLogger - skip non existing resourceDirectory C:\Users\administrator\Documents\workspace-spring-tool-suite-4-4.17.1.RELEASE\microservicios-zuul\src\test\resources
2023-01-10 17:11:10,695 [Worker-17: Updating Maven Project] INFO  o.e.m.c.i.p.ProjectConfigurationManager - Update started
2023-01-10 17:11:11,044 [Worker-17: Updating Maven Project] INFO  o.e.m.c.i.l.LifecycleMappingFactory - Using org.eclipse.m2e.jdt.JarLifecycleMapping lifecycle mapping for MavenProject: com.curso.microservicios.app.zuul:microservicios-zuul:0.0.1-SNAPSHOT @ C:\Users\administrator\Documents\workspace-spring-tool-suite-4-4.17.1.RELEASE\microservicios-zuul\pom.xml.
2023-01-10 17:11:12,224 [Worker-17: Updating Maven Project] INFO  o.e.m.j.i.AbstractJavaProjectConfigurator - Adding source folder /microservicios-zuul/src/main/java
2023-01-10 17:11:12,224 [Worker-17: Updating Maven Project] INFO  o.e.m.j.i.AbstractJavaProjectConfigurator - Adding resource folder /microservicios-zuul/src/main/resources
2023-01-10 17:11:12,224 [Worker-17: Updating Maven Project] INFO  o.e.m.j.i.AbstractJavaProjectConfigurator - Adding resource folder /microservicios-zuul/src/main/resources
2023-01-10 17:11:12,225 [Worker-17: Updating Maven Project] INFO  o.e.m.j.i.AbstractJavaProjectConfigurator - Adding source folder /microservicios-zuul/src/test/java
2023-01-10 17:11:13,857 [Worker-17: Updating Maven Project] INFO  o.e.m.c.i.p.ProjectConfigurationManager - Update completed for 1 poms: local refresh takes 0,00 sec, refresh facades takes 1,00 sec, update config takes 1,00 sec 
2023-01-10 17:11:16,222 [Worker-3: Building] INFO  o.e.m.c.i.embedder.EclipseLogger - Using 'UTF-8' encoding to copy filtered resources.
2023-01-10 17:11:16,223 [Worker-3: Building] INFO  o.e.m.c.i.embedder.EclipseLogger - Copying 1 resource
2023-01-10 17:11:16,236 [Worker-3: Building] INFO  o.e.m.c.i.embedder.EclipseLogger - Copying 0 resource
2023-01-10 17:11:16,240 [Worker-3: Building] INFO  o.e.m.c.i.embedder.EclipseLogger - Using 'UTF-8' encoding to copy filtered resources.
2023-01-10 17:11:16,241 [Worker-3: Building] INFO  o.e.m.c.i.embedder.EclipseLogger - skip non existing resourceDirectory C:\Users\administrator\Documents\workspace-spring-tool-suite-4-4.17.1.RELEASE\microservicios-zuul\src\test\resources
2023-01-10 17:11:16,369 [Worker-0: Updating Maven Dependencies] INFO  o.e.m.c.i.l.LifecycleMappingFactory - Using org.eclipse.m2e.jdt.JarLifecycleMapping lifecycle mapping for MavenProject: com.curso.microservicios.commons-alumnos:commons-alumnos:0.0.1-SNAPSHOT @ C:\Users\administrator\Documents\workspace-spring-tool-suite-4-4.17.1.RELEASE\commons-alumnos\pom.xml.
2023-01-10 17:11:16,748 [Worker-0: Updating Maven Dependencies] INFO  o.e.m.c.i.l.LifecycleMappingFactory - Using org.eclipse.m2e.jdt.JarLifecycleMapping lifecycle mapping for MavenProject: com.curso.microservicios.app.usuarios:microservicios-usuarios:0.0.1-SNAPSHOT @ C:\Users\administrator\Documents\workspace-spring-tool-suite-4-4.17.1.RELEASE\microservicios-usuarios\pom.xml.
2023-01-10 17:11:17,103 [Worker-0: Updating Maven Dependencies] INFO  o.e.m.c.i.p.WorkspaceClassifierResolverManager - Resolving P/commons-alumnos: com.curso.microservicios.commons-alumnos:commons-alumnos:0.0.1-SNAPSHOT with classifier  to /commons-alumnos/target/classes
2023-01-10 17:11:17,105 [Worker-0: Updating Maven Dependencies] INFO  o.e.m.c.i.p.WorkspaceClassifierResolverManager - Resolving P/commons-microservicios: com.curso.microservicios.commons:commons-microservicios:0.0.1-SNAPSHOT with classifier  to /commons-microservicios/target/classes
2023-01-10 17:11:17,286 [Worker-0: Updating Maven Dependencies] INFO  o.e.m.c.i.l.LifecycleMappingFactory - Using org.eclipse.m2e.jdt.JarLifecycleMapping lifecycle mapping for MavenProject: com.curso.microservicios.app.cursos:microservicios-cursos:0.0.1-SNAPSHOT @ C:\Users\administrator\Documents\workspace-spring-tool-suite-4-4.17.1.RELEASE\microservicios-cursos\pom.xml.
2023-01-10 17:11:17,310 [Worker-0: Updating Maven Dependencies] INFO  o.e.m.c.i.p.WorkspaceClassifierResolverManager - Resolving P/commons-examenes: com.curso.microservicios.commons.examenes:commons-examenes:0.0.1-SNAPSHOT with classifier  to /commons-examenes/target/classes
2023-01-10 17:11:17,318 [Worker-0: Updating Maven Dependencies] INFO  o.e.m.c.i.p.WorkspaceClassifierResolverManager - Resolving P/commons-alumnos: com.curso.microservicios.commons-alumnos:commons-alumnos:0.0.1-SNAPSHOT with classifier  to /commons-alumnos/target/classes
2023-01-10 17:11:17,318 [Worker-0: Updating Maven Dependencies] INFO  o.e.m.c.i.p.WorkspaceClassifierResolverManager - Resolving P/commons-microservicios: com.curso.microservicios.commons:commons-microservicios:0.0.1-SNAPSHOT with classifier  to /commons-microservicios/target/classes
2023-01-10 17:11:17,500 [Worker-0: Updating Maven Dependencies] INFO  o.e.m.c.i.l.LifecycleMappingFactory - Using org.eclipse.m2e.jdt.JarLifecycleMapping lifecycle mapping for MavenProject: com.curso.microservicios.app.examenes:microservicios-examenes:0.0.1-SNAPSHOT @ C:\Users\administrator\Documents\workspace-spring-tool-suite-4-4.17.1.RELEASE\microservicios-examenes\pom.xml.
2023-01-10 17:11:17,514 [Worker-0: Updating Maven Dependencies] INFO  o.e.m.c.i.p.WorkspaceClassifierResolverManager - Resolving P/commons-examenes: com.curso.microservicios.commons.examenes:commons-examenes:0.0.1-SNAPSHOT with classifier  to /commons-examenes/target/classes
2023-01-10 17:11:17,521 [Worker-0: Updating Maven Dependencies] INFO  o.e.m.c.i.p.WorkspaceClassifierResolverManager - Resolving P/commons-microservicios: com.curso.microservicios.commons:commons-microservicios:0.0.1-SNAPSHOT with classifier  to /commons-microservicios/target/classes
2023-01-10 17:11:17,696 [Worker-0: Updating Maven Dependencies] INFO  o.e.m.c.i.l.LifecycleMappingFactory - Using org.eclipse.m2e.jdt.JarLifecycleMapping lifecycle mapping for MavenProject: com.curso.microservicios.commons.examenes:commons-examenes:0.0.1-SNAPSHOT @ C:\Users\administrator\Documents\workspace-spring-tool-suite-4-4.17.1.RELEASE\commons-examenes\pom.xml.
2023-01-10 17:11:17,884 [Worker-0: Updating Maven Dependencies] INFO  o.e.m.c.i.l.LifecycleMappingFactory - Using org.eclipse.m2e.jdt.JarLifecycleMapping lifecycle mapping for MavenProject: com.curso.microservicios.app.zuul:microservicios-zuul:0.0.1-SNAPSHOT @ C:\Users\administrator\Documents\workspace-spring-tool-suite-4-4.17.1.RELEASE\microservicios-zuul\pom.xml.
2023-01-10 17:11:19,468 [Worker-0: Updating Maven Dependencies] INFO  o.e.m.c.i.l.LifecycleMappingFactory - Using org.eclipse.m2e.jdt.JarLifecycleMapping lifecycle mapping for MavenProject: com.curso.microservicios.commons:commons-microservicios:0.0.1-SNAPSHOT @ C:\Users\administrator\Documents\workspace-spring-tool-suite-4-4.17.1.RELEASE\commons-microservicios\pom.xml.
2023-01-10 17:11:19,610 [Worker-0: Updating Maven Dependencies] INFO  o.e.m.c.i.l.LifecycleMappingFactory - Using org.eclipse.m2e.jdt.JarLifecycleMapping lifecycle mapping for MavenProject: com.curso.microservicios.app.eureka:microservicios-eureka:0.0.1-SNAPSHOT @ C:\Users\administrator\Documents\workspace-spring-tool-suite-4-4.17.1.RELEASE\microservicios-eureka\pom.xml.
2023-01-10 17:11:23,607 [Worker-9: Building] INFO  o.a.m.s.f.DefaultMavenResourcesFiltering - Copying 0 resource
2023-01-10 17:11:23,608 [Worker-9: Building] INFO  o.a.m.s.f.DefaultMavenResourcesFiltering - Copying 0 resource
2023-01-10 17:11:23,612 [Worker-9: Building] INFO  o.a.m.s.f.DefaultMavenResourcesFiltering - skip non existing resourceDirectory C:\Users\administrator\Documents\workspace-spring-tool-suite-4-4.17.1.RELEASE\commons-alumnos\src\test\resources
2023-01-10 17:11:23,692 [Worker-9: Building] INFO  o.a.m.s.f.DefaultMavenResourcesFiltering - Copying 0 resource
2023-01-10 17:11:23,692 [Worker-9: Building] INFO  o.a.m.s.f.DefaultMavenResourcesFiltering - Copying 0 resource
2023-01-10 17:11:23,695 [Worker-9: Building] INFO  o.a.m.s.f.DefaultMavenResourcesFiltering - skip non existing resourceDirectory C:\Users\administrator\Documents\workspace-spring-tool-suite-4-4.17.1.RELEASE\commons-examenes\src\test\resources
2023-01-10 17:11:23,775 [Worker-9: Building] INFO  o.a.m.s.f.DefaultMavenResourcesFiltering - Copying 0 resource
2023-01-10 17:11:23,776 [Worker-9: Building] INFO  o.a.m.s.f.DefaultMavenResourcesFiltering - Copying 0 resource
2023-01-10 17:11:23,779 [Worker-9: Building] INFO  o.a.m.s.f.DefaultMavenResourcesFiltering - skip non existing resourceDirectory C:\Users\administrator\Documents\workspace-spring-tool-suite-4-4.17.1.RELEASE\commons-microservicios\src\test\resources
2023-01-10 17:11:23,860 [Worker-9: Building] INFO  o.a.m.s.f.DefaultMavenResourcesFiltering - Copying 0 resource
2023-01-10 17:11:23,860 [Worker-9: Building] INFO  o.a.m.s.f.DefaultMavenResourcesFiltering - Copying 0 resource
2023-01-10 17:11:23,863 [Worker-9: Building] INFO  o.a.m.s.f.DefaultMavenResourcesFiltering - skip non existing resourceDirectory C:\Users\administrator\Documents\workspace-spring-tool-suite-4-4.17.1.RELEASE\microservicios-cursos\src\test\resources
2023-01-10 17:11:23,927 [Worker-9: Building] INFO  o.a.m.s.f.DefaultMavenResourcesFiltering - Copying 0 resource
2023-01-10 17:11:23,928 [Worker-9: Building] INFO  o.a.m.s.f.DefaultMavenResourcesFiltering - Copying 0 resource
2023-01-10 17:11:23,931 [Worker-9: Building] INFO  o.a.m.s.f.DefaultMavenResourcesFiltering - skip non existing resourceDirectory C:\Users\administrator\Documents\workspace-spring-tool-suite-4-4.17.1.RELEASE\microservicios-eureka\src\test\resources
2023-01-10 17:11:24,004 [Worker-9: Building] INFO  o.a.m.s.f.DefaultMavenResourcesFiltering - Copying 0 resource
2023-01-10 17:11:24,004 [Worker-9: Building] INFO  o.a.m.s.f.DefaultMavenResourcesFiltering - Copying 0 resource
2023-01-10 17:11:24,006 [Worker-9: Building] INFO  o.a.m.s.f.DefaultMavenResourcesFiltering - skip non existing resourceDirectory C:\Users\administrator\Documents\workspace-spring-tool-suite-4-4.17.1.RELEASE\microservicios-examenes\src\test\resources
2023-01-10 17:11:24,073 [Worker-9: Building] INFO  o.a.m.s.f.DefaultMavenResourcesFiltering - Copying 0 resource
2023-01-10 17:11:24,073 [Worker-9: Building] INFO  o.a.m.s.f.DefaultMavenResourcesFiltering - Copying 0 resource
2023-01-10 17:11:24,075 [Worker-9: Building] INFO  o.a.m.s.f.DefaultMavenResourcesFiltering - skip non existing resourceDirectory C:\Users\administrator\Documents\workspace-spring-tool-suite-4-4.17.1.RELEASE\microservicios-usuarios\src\test\resources
2023-01-10 17:11:24,097 [Worker-9: Building] INFO  o.e.m.c.i.embedder.EclipseLogger - Using 'UTF-8' encoding to copy filtered resources.
2023-01-10 17:11:24,098 [Worker-9: Building] INFO  o.e.m.c.i.embedder.EclipseLogger - Copying 0 resource
2023-01-10 17:11:24,098 [Worker-9: Building] INFO  o.e.m.c.i.embedder.EclipseLogger - Copying 0 resource
2023-01-10 17:11:24,101 [Worker-9: Building] INFO  o.e.m.c.i.embedder.EclipseLogger - Using 'UTF-8' encoding to copy filtered resources.
2023-01-10 17:11:24,101 [Worker-9: Building] INFO  o.e.m.c.i.embedder.EclipseLogger - skip non existing resourceDirectory C:\Users\administrator\Documents\workspace-spring-tool-suite-4-4.17.1.RELEASE\microservicios-zuul\src\test\resources
